<?xml version="1.0" encoding="UTF-8"?>
<testsuite xmlns:xsi="http://www.w3.org/2001/XMLSchema-instance" xsi:noNamespaceSchemaLocation="https://maven.apache.org/surefire/maven-surefire-plugin/xsd/surefire-test-report-3.0.xsd" version="3.0" name="emerge.api.emergespring.EmergespringApplicationTests" time="19.177" tests="1" errors="0" skipped="0" failures="0">
  <properties>
[...]
</properties>
  <testcase name="contextLoads" classname="emerge.api.emergespring.EmergespringApplicationTests" time="1.449">
    <system-out><![CDATA[16:55:44.113 [main] INFO org.springframework.test.context.support.AnnotationConfigContextLoaderUtils -- Could not detect default configuration classes for test class [emerge.api.emergespring.EmergespringApplicationTests]: EmergespringApplicationTests does not declare any static, non-private, non-final, nested classes annotated with @Configuration.
16:55:44.666 [main] INFO org.springframework.boot.test.context.SpringBootTestContextBootstrapper -- Found @SpringBootConfiguration emerge.api.emergespring.EmergespringApplication for test class emerge.api.emergespring.EmergespringApplicationTests
16:55:46.036 [main] INFO org.springframework.boot.devtools.restart.RestartApplicationListener -- Restart disabled due to context in which it is running

  .   ____          _            __ _ _
 /\\ / ___'_ __ _ _(_)_ __  __ _ \ \ \ \
( ( )\___ | '_ | '_| | '_ \/ _` | \ \ \ \
 \\/  ___)| |_)| | | | | || (_| |  ) ) ) )
  '  |____| .__|_| |_|_| |_\__, | / / / /
 =========|_|==============|___/=/_/_/_/
 :: Spring Boot ::                (v3.2.3)

2024-04-11T16:55:47.239-03:00  INFO 35488 --- [           main] e.a.e.EmergespringApplicationTests       : Starting EmergespringApplicationTests using Java 17.0.10 with PID 35488 (started by diego in /home/diego/++/emergeSpringBoot)
2024-04-11T16:55:47.252-03:00  INFO 35488 --- [           main] e.a.e.EmergespringApplicationTests       : No active profile set, falling back to 1 default profile: "default"
2024-04-11T16:55:49.743-03:00  INFO 35488 --- [           main] .s.d.r.c.RepositoryConfigurationDelegate : Bootstrapping Spring Data JPA repositories in DEFAULT mode.
2024-04-11T16:55:49.997-03:00  INFO 35488 --- [           main] .s.d.r.c.RepositoryConfigurationDelegate : Finished Spring Data repository scanning in 238 ms. Found 3 JPA repository interfaces.
2024-04-11T16:55:51.004-03:00  WARN 35488 --- [           main] trationDelegate$BeanPostProcessorChecker : Bean 'org.springframework.ws.config.annotation.DelegatingWsConfiguration' of type [org.springframework.ws.config.annotation.DelegatingWsConfiguration$$SpringCGLIB$$0] is not eligible for getting processed by all BeanPostProcessors (for example: not eligible for auto-proxying). The currently created BeanPostProcessor [annotationActionEndpointMapping] is declared through a non-static factory method on that class; consider declaring it as static instead.
2024-04-11T16:55:51.191-03:00  INFO 35488 --- [           main] .w.s.a.s.AnnotationActionEndpointMapping : Supporting [WS-Addressing August 2004, WS-Addressing 1.0]
2024-04-11T16:55:51.863-03:00  INFO 35488 --- [           main] o.hibernate.jpa.internal.util.LogHelper  : HHH000204: Processing PersistenceUnitInfo [name: default]
2024-04-11T16:55:52.027-03:00  INFO 35488 --- [           main] org.hibernate.Version                    : HHH000412: Hibernate ORM core version 6.4.4.Final
2024-04-11T16:55:52.139-03:00  INFO 35488 --- [           main] o.h.c.internal.RegionFactoryInitiator    : HHH000026: Second-level cache disabled
2024-04-11T16:55:52.902-03:00  INFO 35488 --- [           main] o.s.o.j.p.SpringPersistenceUnitInfo      : No LoadTimeWeaver setup: ignoring JPA class transformer
2024-04-11T16:55:52.985-03:00  INFO 35488 --- [           main] com.zaxxer.hikari.HikariDataSource       : HikariPool-1 - Starting...
2024-04-11T16:55:53.607-03:00  INFO 35488 --- [           main] com.zaxxer.hikari.pool.HikariPool        : HikariPool-1 - Added connection conn0: url=jdbc:h2:file:~/emerge user=DIEGO
2024-04-11T16:55:53.610-03:00  INFO 35488 --- [           main] com.zaxxer.hikari.HikariDataSource       : HikariPool-1 - Start completed.
2024-04-11T16:55:55.958-03:00  INFO 35488 --- [           main] o.h.e.t.j.p.i.JtaPlatformInitiator       : HHH000489: No JTA platform available (set 'hibernate.transaction.jta.platform' to enable JTA platform integration)
2024-04-11T16:55:56.220-03:00  INFO 35488 --- [           main] j.LocalContainerEntityManagerFactoryBean : Initialized JPA EntityManagerFactory for persistence unit 'default'
2024-04-11T16:55:57.228-03:00  INFO 35488 --- [           main] o.s.d.j.r.query.QueryEnhancerFactory     : Hibernate is in classpath; If applicable, HQL parser will be used.
2024-04-11T16:55:59.695-03:00  WARN 35488 --- [           main] JpaBaseConfiguration$JpaWebConfiguration : spring.jpa.open-in-view is enabled by default. Therefore, database queries may be performed during view rendering. Explicitly configure spring.jpa.open-in-view to disable this warning
2024-04-11T16:55:59.748-03:00  INFO 35488 --- [           main] o.s.b.a.w.s.WelcomePageHandlerMapping    : Adding welcome page: class path resource [public/index.html]
2024-04-11T16:56:01.275-03:00  INFO 35488 --- [           main] e.a.e.EmergespringApplicationTests       : Started EmergespringApplicationTests in 15.319 seconds (process running for 19.079)
]]></system-out>
  </testcase>
</testsuite>